[0.099s] DEBUG:colcon:Command line arguments: ['/usr/bin/colcon', 'build', '--cmake-args', '-DROS_EDITION=ROS2', '-DHUMBLE_ROS=']
[0.100s] DEBUG:colcon:Parsed command line arguments: Namespace(allow_overriding=[], ament_cmake_args=None, base_paths=['.'], build_base='build', catkin_cmake_args=None, catkin_skip_building_tests=False, cmake_args=['-DROS_EDITION=ROS2', '-DHUMBLE_ROS='], cmake_clean_cache=False, cmake_clean_first=False, cmake_force_configure=False, cmake_target=None, cmake_target_skip_unavailable=False, continue_on_error=False, event_handlers=None, executor='parallel', ignore_user_meta=False, install_base='install', log_base=None, log_level=None, main=<bound method BuildVerb.main of <colcon_core.verb.build.BuildVerb object at 0x7f77efb0d790>>, merge_install=False, metas=['./colcon.meta'], packages_above=None, packages_above_and_dependencies=None, packages_above_depth=None, packages_end=None, packages_ignore=None, packages_ignore_regex=None, packages_select=None, packages_select_build_failed=False, packages_select_by_dep=None, packages_select_regex=None, packages_select_test_failures=False, packages_skip=None, packages_skip_build_finished=False, packages_skip_by_dep=None, packages_skip_regex=None, packages_skip_test_passed=False, packages_skip_up_to=None, packages_start=None, packages_up_to=None, packages_up_to_regex=None, parallel_workers=8, paths=None, symlink_install=False, test_result_base=None, verb_extension=<colcon_core.verb.build.BuildVerb object at 0x7f77efb0d790>, verb_name='build', verb_parser=<colcon_defaults.argument_parser.defaults.DefaultArgumentsDecorator object at 0x7f77efb0dd00>)
[0.177s] Level 1:colcon.colcon_core.package_discovery:discover_packages(colcon_meta) check parameters
[0.177s] Level 1:colcon.colcon_core.package_discovery:discover_packages(recursive) check parameters
[0.177s] Level 1:colcon.colcon_core.package_discovery:discover_packages(ignore) check parameters
[0.177s] Level 1:colcon.colcon_core.package_discovery:discover_packages(path) check parameters
[0.177s] Level 1:colcon.colcon_core.package_discovery:discover_packages(colcon_meta) discover
[0.177s] Level 1:colcon.colcon_core.package_discovery:discover_packages(recursive) discover
[0.177s] INFO:colcon.colcon_core.package_discovery:Crawling recursively for packages in '/home/ethan/ws_livox'
[0.178s] Level 1:colcon.colcon_core.package_identification:_identify(.) by extensions ['ignore', 'ignore_ament_install']
[0.178s] Level 1:colcon.colcon_core.package_identification:_identify(.) by extension 'ignore'
[0.178s] Level 1:colcon.colcon_core.package_identification:_identify(.) by extension 'ignore_ament_install'
[0.178s] Level 1:colcon.colcon_core.package_identification:_identify(.) by extensions ['colcon_pkg']
[0.178s] Level 1:colcon.colcon_core.package_identification:_identify(.) by extension 'colcon_pkg'
[0.178s] Level 1:colcon.colcon_core.package_identification:_identify(.) by extensions ['colcon_meta']
[0.178s] Level 1:colcon.colcon_core.package_identification:_identify(.) by extension 'colcon_meta'
[0.178s] Level 1:colcon.colcon_core.package_identification:_identify(.) by extensions ['ros']
[0.178s] Level 1:colcon.colcon_core.package_identification:_identify(.) by extension 'ros'
[0.184s] Level 1:colcon.colcon_core.package_identification:_identify(.) by extensions ['cmake', 'python']
[0.184s] Level 1:colcon.colcon_core.package_identification:_identify(.) by extension 'cmake'
[0.184s] Level 1:colcon.colcon_core.package_identification:_identify(.) by extension 'python'
[0.184s] Level 1:colcon.colcon_core.package_identification:_identify(.) by extensions ['python_setup_py']
[0.184s] Level 1:colcon.colcon_core.package_identification:_identify(.) by extension 'python_setup_py'
[0.184s] Level 1:colcon.colcon_core.package_identification:_identify(build) by extensions ['ignore', 'ignore_ament_install']
[0.184s] Level 1:colcon.colcon_core.package_identification:_identify(build) by extension 'ignore'
[0.184s] Level 1:colcon.colcon_core.package_identification:_identify(build) ignored
[0.184s] Level 1:colcon.colcon_core.package_identification:_identify(install) by extensions ['ignore', 'ignore_ament_install']
[0.184s] Level 1:colcon.colcon_core.package_identification:_identify(install) by extension 'ignore'
[0.184s] Level 1:colcon.colcon_core.package_identification:_identify(install) ignored
[0.185s] Level 1:colcon.colcon_core.package_identification:_identify(log) by extensions ['ignore', 'ignore_ament_install']
[0.185s] Level 1:colcon.colcon_core.package_identification:_identify(log) by extension 'ignore'
[0.185s] Level 1:colcon.colcon_core.package_identification:_identify(log) ignored
[0.185s] Level 1:colcon.colcon_core.package_identification:_identify(src) by extensions ['ignore', 'ignore_ament_install']
[0.185s] Level 1:colcon.colcon_core.package_identification:_identify(src) by extension 'ignore'
[0.185s] Level 1:colcon.colcon_core.package_identification:_identify(src) by extension 'ignore_ament_install'
[0.185s] Level 1:colcon.colcon_core.package_identification:_identify(src) by extensions ['colcon_pkg']
[0.185s] Level 1:colcon.colcon_core.package_identification:_identify(src) by extension 'colcon_pkg'
[0.185s] Level 1:colcon.colcon_core.package_identification:_identify(src) by extensions ['colcon_meta']
[0.185s] Level 1:colcon.colcon_core.package_identification:_identify(src) by extension 'colcon_meta'
[0.185s] Level 1:colcon.colcon_core.package_identification:_identify(src) by extensions ['ros']
[0.185s] Level 1:colcon.colcon_core.package_identification:_identify(src) by extension 'ros'
[0.185s] Level 1:colcon.colcon_core.package_identification:_identify(src) by extensions ['cmake', 'python']
[0.185s] Level 1:colcon.colcon_core.package_identification:_identify(src) by extension 'cmake'
[0.185s] Level 1:colcon.colcon_core.package_identification:_identify(src) by extension 'python'
[0.185s] Level 1:colcon.colcon_core.package_identification:_identify(src) by extensions ['python_setup_py']
[0.185s] Level 1:colcon.colcon_core.package_identification:_identify(src) by extension 'python_setup_py'
[0.185s] Level 1:colcon.colcon_core.package_identification:_identify(src/livox_ros_driver2) by extensions ['ignore', 'ignore_ament_install']
[0.185s] Level 1:colcon.colcon_core.package_identification:_identify(src/livox_ros_driver2) by extension 'ignore'
[0.185s] Level 1:colcon.colcon_core.package_identification:_identify(src/livox_ros_driver2) by extension 'ignore_ament_install'
[0.185s] Level 1:colcon.colcon_core.package_identification:_identify(src/livox_ros_driver2) by extensions ['colcon_pkg']
[0.185s] Level 1:colcon.colcon_core.package_identification:_identify(src/livox_ros_driver2) by extension 'colcon_pkg'
[0.185s] Level 1:colcon.colcon_core.package_identification:_identify(src/livox_ros_driver2) by extensions ['colcon_meta']
[0.185s] Level 1:colcon.colcon_core.package_identification:_identify(src/livox_ros_driver2) by extension 'colcon_meta'
[0.185s] Level 1:colcon.colcon_core.package_identification:_identify(src/livox_ros_driver2) by extensions ['ros']
[0.185s] Level 1:colcon.colcon_core.package_identification:_identify(src/livox_ros_driver2) by extension 'ros'
[0.187s] DEBUG:colcon.colcon_core.package_identification:Package 'src/livox_ros_driver2' with type 'ros.ament_cmake' and name 'livox_ros_driver2'
[0.187s] Level 1:colcon.colcon_core.package_discovery:discover_packages(recursive) using defaults
[0.187s] Level 1:colcon.colcon_core.package_discovery:discover_packages(ignore) discover
[0.187s] Level 1:colcon.colcon_core.package_discovery:discover_packages(ignore) using defaults
[0.187s] Level 1:colcon.colcon_core.package_discovery:discover_packages(path) discover
[0.187s] Level 1:colcon.colcon_core.package_discovery:discover_packages(path) using defaults
[0.197s] Level 1:colcon.colcon_core.package_discovery:discover_packages(prefix_path) check parameters
[0.197s] Level 1:colcon.colcon_core.package_discovery:discover_packages(prefix_path) discover
[0.198s] DEBUG:colcon.colcon_installed_package_information.package_discovery:Found 256 installed packages in /opt/ros/foxy
[0.199s] Level 1:colcon.colcon_core.package_discovery:discover_packages(prefix_path) using defaults
[0.237s] Level 5:colcon.colcon_core.verb:set package 'livox_ros_driver2' build argument 'cmake_args' from command line to '['-DROS_EDITION=ROS2', '-DHUMBLE_ROS=']'
[0.237s] Level 5:colcon.colcon_core.verb:set package 'livox_ros_driver2' build argument 'cmake_target' from command line to 'None'
[0.237s] Level 5:colcon.colcon_core.verb:set package 'livox_ros_driver2' build argument 'cmake_target_skip_unavailable' from command line to 'False'
[0.237s] Level 5:colcon.colcon_core.verb:set package 'livox_ros_driver2' build argument 'cmake_clean_cache' from command line to 'False'
[0.237s] Level 5:colcon.colcon_core.verb:set package 'livox_ros_driver2' build argument 'cmake_clean_first' from command line to 'False'
[0.237s] Level 5:colcon.colcon_core.verb:set package 'livox_ros_driver2' build argument 'cmake_force_configure' from command line to 'False'
[0.237s] Level 5:colcon.colcon_core.verb:set package 'livox_ros_driver2' build argument 'ament_cmake_args' from command line to 'None'
[0.237s] Level 5:colcon.colcon_core.verb:set package 'livox_ros_driver2' build argument 'catkin_cmake_args' from command line to 'None'
[0.237s] Level 5:colcon.colcon_core.verb:set package 'livox_ros_driver2' build argument 'catkin_skip_building_tests' from command line to 'False'
[0.237s] DEBUG:colcon.colcon_core.verb:Building package 'livox_ros_driver2' with the following arguments: {'ament_cmake_args': None, 'build_base': '/home/ethan/ws_livox/build/livox_ros_driver2', 'catkin_cmake_args': None, 'catkin_skip_building_tests': False, 'cmake_args': ['-DROS_EDITION=ROS2', '-DHUMBLE_ROS='], 'cmake_clean_cache': False, 'cmake_clean_first': False, 'cmake_force_configure': False, 'cmake_target': None, 'cmake_target_skip_unavailable': False, 'install_base': '/home/ethan/ws_livox/install/livox_ros_driver2', 'merge_install': False, 'path': '/home/ethan/ws_livox/src/livox_ros_driver2', 'symlink_install': False, 'test_result_base': None}
[0.237s] INFO:colcon.colcon_core.executor:Executing jobs using 'parallel' executor
[0.238s] DEBUG:colcon.colcon_parallel_executor.executor.parallel:run_until_complete
[0.238s] INFO:colcon.colcon_ros.task.ament_cmake.build:Building ROS package in '/home/ethan/ws_livox/src/livox_ros_driver2' with build type 'ament_cmake'
[0.238s] INFO:colcon.colcon_cmake.task.cmake.build:Building CMake package in '/home/ethan/ws_livox/src/livox_ros_driver2'
[0.239s] INFO:colcon.colcon_core.plugin_system:Skipping extension 'colcon_core.shell.bat': Not used on non-Windows systems
[0.239s] INFO:colcon.colcon_core.shell:Skip shell extension 'powershell' for command environment: Not usable outside of PowerShell
[0.239s] DEBUG:colcon.colcon_core.shell:Skip shell extension 'dsv' for command environment
[0.245s] DEBUG:colcon.colcon_core.event_handler.log_command:Invoking command in '/home/ethan/ws_livox/build/livox_ros_driver2': CMAKE_PREFIX_PATH=/opt/ros/foxy CONDA_PROMPT_MODIFIER=(yolov5) /usr/local/bin/cmake /home/ethan/ws_livox/src/livox_ros_driver2 -DROS_EDITION=ROS2 -DHUMBLE_ROS= -DCMAKE_INSTALL_PREFIX=/home/ethan/ws_livox/install/livox_ros_driver2
[1.964s] DEBUG:colcon.colcon_core.event_handler.log_command:Invoked command in '/home/ethan/ws_livox/build/livox_ros_driver2' returned '0': CMAKE_PREFIX_PATH=/opt/ros/foxy CONDA_PROMPT_MODIFIER=(yolov5) /usr/local/bin/cmake /home/ethan/ws_livox/src/livox_ros_driver2 -DROS_EDITION=ROS2 -DHUMBLE_ROS= -DCMAKE_INSTALL_PREFIX=/home/ethan/ws_livox/install/livox_ros_driver2
[1.965s] DEBUG:colcon.colcon_core.event_handler.log_command:Invoking command in '/home/ethan/ws_livox/build/livox_ros_driver2': CMAKE_PREFIX_PATH=/opt/ros/foxy CONDA_PROMPT_MODIFIER=(yolov5) /usr/local/bin/cmake --build /home/ethan/ws_livox/build/livox_ros_driver2 -- -j8 -l8
[10.371s] DEBUG:colcon.colcon_core.event_handler.log_command:Invoked command in '/home/ethan/ws_livox/build/livox_ros_driver2' returned '0': CMAKE_PREFIX_PATH=/opt/ros/foxy CONDA_PROMPT_MODIFIER=(yolov5) /usr/local/bin/cmake --build /home/ethan/ws_livox/build/livox_ros_driver2 -- -j8 -l8
[10.425s] DEBUG:colcon.colcon_core.event_handler.log_command:Invoking command in '/home/ethan/ws_livox/build/livox_ros_driver2': CMAKE_PREFIX_PATH=/opt/ros/foxy CONDA_PROMPT_MODIFIER=(yolov5) /usr/local/bin/cmake --install /home/ethan/ws_livox/build/livox_ros_driver2
[10.461s] Level 1:colcon.colcon_core.environment:create_environment_scripts_only(livox_ros_driver2)
[10.461s] DEBUG:colcon.colcon_core.event_handler.log_command:Invoked command in '/home/ethan/ws_livox/build/livox_ros_driver2' returned '0': CMAKE_PREFIX_PATH=/opt/ros/foxy CONDA_PROMPT_MODIFIER=(yolov5) /usr/local/bin/cmake --install /home/ethan/ws_livox/build/livox_ros_driver2
[10.463s] Level 1:colcon.colcon_core.environment:checking '/home/ethan/ws_livox/install/livox_ros_driver2' for CMake module files
[10.463s] Level 1:colcon.colcon_core.environment:checking '/home/ethan/ws_livox/install/livox_ros_driver2' for CMake config files
[10.463s] Level 1:colcon.colcon_core.shell:create_environment_hook('livox_ros_driver2', 'cmake_prefix_path')
[10.464s] INFO:colcon.colcon_core.shell:Creating environment hook '/home/ethan/ws_livox/install/livox_ros_driver2/share/livox_ros_driver2/hook/cmake_prefix_path.ps1'
[10.464s] INFO:colcon.colcon_core.shell:Creating environment descriptor '/home/ethan/ws_livox/install/livox_ros_driver2/share/livox_ros_driver2/hook/cmake_prefix_path.dsv'
[10.464s] INFO:colcon.colcon_core.shell:Creating environment hook '/home/ethan/ws_livox/install/livox_ros_driver2/share/livox_ros_driver2/hook/cmake_prefix_path.sh'
[10.465s] Level 1:colcon.colcon_core.environment:checking '/home/ethan/ws_livox/install/livox_ros_driver2/lib'
[10.465s] Level 1:colcon.colcon_core.shell:create_environment_hook('livox_ros_driver2', 'ld_library_path_lib')
[10.465s] INFO:colcon.colcon_core.shell:Creating environment hook '/home/ethan/ws_livox/install/livox_ros_driver2/share/livox_ros_driver2/hook/ld_library_path_lib.ps1'
[10.465s] INFO:colcon.colcon_core.shell:Creating environment descriptor '/home/ethan/ws_livox/install/livox_ros_driver2/share/livox_ros_driver2/hook/ld_library_path_lib.dsv'
[10.466s] INFO:colcon.colcon_core.shell:Creating environment hook '/home/ethan/ws_livox/install/livox_ros_driver2/share/livox_ros_driver2/hook/ld_library_path_lib.sh'
[10.466s] Level 1:colcon.colcon_core.environment:checking '/home/ethan/ws_livox/install/livox_ros_driver2/bin'
[10.466s] Level 1:colcon.colcon_core.environment:checking '/home/ethan/ws_livox/install/livox_ros_driver2/lib/pkgconfig/livox_ros_driver2.pc'
[10.466s] Level 1:colcon.colcon_core.environment:checking '/home/ethan/ws_livox/install/livox_ros_driver2/lib/python3.8/site-packages'
[10.466s] Level 1:colcon.colcon_core.environment:checking '/home/ethan/ws_livox/install/livox_ros_driver2/bin'
[10.466s] INFO:colcon.colcon_core.shell:Creating package script '/home/ethan/ws_livox/install/livox_ros_driver2/share/livox_ros_driver2/package.ps1'
[10.467s] INFO:colcon.colcon_core.shell:Creating package descriptor '/home/ethan/ws_livox/install/livox_ros_driver2/share/livox_ros_driver2/package.dsv'
[10.467s] INFO:colcon.colcon_core.shell:Creating package script '/home/ethan/ws_livox/install/livox_ros_driver2/share/livox_ros_driver2/package.sh'
[10.467s] INFO:colcon.colcon_core.shell:Creating package script '/home/ethan/ws_livox/install/livox_ros_driver2/share/livox_ros_driver2/package.bash'
[10.468s] INFO:colcon.colcon_core.shell:Creating package script '/home/ethan/ws_livox/install/livox_ros_driver2/share/livox_ros_driver2/package.zsh'
[10.468s] Level 1:colcon.colcon_core.environment:create_file_with_runtime_dependencies(/home/ethan/ws_livox/install/livox_ros_driver2/share/colcon-core/packages/livox_ros_driver2)
[10.512s] Level 1:colcon.colcon_core.environment:create_environment_scripts_only(livox_ros_driver2)
[10.513s] Level 1:colcon.colcon_core.environment:checking '/home/ethan/ws_livox/install/livox_ros_driver2' for CMake module files
[10.513s] Level 1:colcon.colcon_core.environment:checking '/home/ethan/ws_livox/install/livox_ros_driver2' for CMake config files
[10.513s] Level 1:colcon.colcon_core.shell:create_environment_hook('livox_ros_driver2', 'cmake_prefix_path')
[10.513s] INFO:colcon.colcon_core.shell:Creating environment hook '/home/ethan/ws_livox/install/livox_ros_driver2/share/livox_ros_driver2/hook/cmake_prefix_path.ps1'
[10.514s] INFO:colcon.colcon_core.shell:Creating environment descriptor '/home/ethan/ws_livox/install/livox_ros_driver2/share/livox_ros_driver2/hook/cmake_prefix_path.dsv'
[10.514s] INFO:colcon.colcon_core.shell:Creating environment hook '/home/ethan/ws_livox/install/livox_ros_driver2/share/livox_ros_driver2/hook/cmake_prefix_path.sh'
[10.514s] Level 1:colcon.colcon_core.environment:checking '/home/ethan/ws_livox/install/livox_ros_driver2/lib'
[10.514s] Level 1:colcon.colcon_core.shell:create_environment_hook('livox_ros_driver2', 'ld_library_path_lib')
[10.514s] INFO:colcon.colcon_core.shell:Creating environment hook '/home/ethan/ws_livox/install/livox_ros_driver2/share/livox_ros_driver2/hook/ld_library_path_lib.ps1'
[10.515s] INFO:colcon.colcon_core.shell:Creating environment descriptor '/home/ethan/ws_livox/install/livox_ros_driver2/share/livox_ros_driver2/hook/ld_library_path_lib.dsv'
[10.515s] INFO:colcon.colcon_core.shell:Creating environment hook '/home/ethan/ws_livox/install/livox_ros_driver2/share/livox_ros_driver2/hook/ld_library_path_lib.sh'
[10.515s] Level 1:colcon.colcon_core.environment:checking '/home/ethan/ws_livox/install/livox_ros_driver2/bin'
[10.515s] Level 1:colcon.colcon_core.environment:checking '/home/ethan/ws_livox/install/livox_ros_driver2/lib/pkgconfig/livox_ros_driver2.pc'
[10.515s] Level 1:colcon.colcon_core.environment:checking '/home/ethan/ws_livox/install/livox_ros_driver2/lib/python3.8/site-packages'
[10.515s] Level 1:colcon.colcon_core.environment:checking '/home/ethan/ws_livox/install/livox_ros_driver2/bin'
[10.515s] INFO:colcon.colcon_core.shell:Creating package script '/home/ethan/ws_livox/install/livox_ros_driver2/share/livox_ros_driver2/package.ps1'
[10.516s] INFO:colcon.colcon_core.shell:Creating package descriptor '/home/ethan/ws_livox/install/livox_ros_driver2/share/livox_ros_driver2/package.dsv'
[10.516s] INFO:colcon.colcon_core.shell:Creating package script '/home/ethan/ws_livox/install/livox_ros_driver2/share/livox_ros_driver2/package.sh'
[10.516s] INFO:colcon.colcon_core.shell:Creating package script '/home/ethan/ws_livox/install/livox_ros_driver2/share/livox_ros_driver2/package.bash'
[10.516s] INFO:colcon.colcon_core.shell:Creating package script '/home/ethan/ws_livox/install/livox_ros_driver2/share/livox_ros_driver2/package.zsh'
[10.517s] Level 1:colcon.colcon_core.environment:create_file_with_runtime_dependencies(/home/ethan/ws_livox/install/livox_ros_driver2/share/colcon-core/packages/livox_ros_driver2)
[10.517s] DEBUG:colcon.colcon_parallel_executor.executor.parallel:closing loop
[10.517s] DEBUG:colcon.colcon_parallel_executor.executor.parallel:loop closed
[10.517s] DEBUG:colcon.colcon_parallel_executor.executor.parallel:run_until_complete finished with '0'
[10.517s] DEBUG:colcon.colcon_core.event_reactor:joining thread
[10.521s] INFO:colcon.colcon_core.plugin_system:Skipping extension 'colcon_notification.desktop_notification.terminal_notifier': Not used on non-Darwin systems
[10.521s] INFO:colcon.colcon_core.plugin_system:Skipping extension 'colcon_notification.desktop_notification.win32': Not used on non-Windows systems
[10.521s] INFO:colcon.colcon_notification.desktop_notification:Sending desktop notification using 'notify2'
[10.522s] DEBUG:colcon.colcon_notification.desktop_notification.notify2:Failed to initialize notify2: org.freedesktop.DBus.Error.ServiceUnknown: The name org.freedesktop.Notifications was not provided by any .service files
[10.522s] DEBUG:colcon.colcon_core.event_reactor:joined thread
[10.522s] INFO:colcon.colcon_core.shell:Creating prefix script '/home/ethan/ws_livox/install/local_setup.ps1'
[10.522s] INFO:colcon.colcon_core.shell:Creating prefix util module '/home/ethan/ws_livox/install/_local_setup_util_ps1.py'
[10.523s] INFO:colcon.colcon_core.shell:Creating prefix chain script '/home/ethan/ws_livox/install/setup.ps1'
[10.524s] INFO:colcon.colcon_core.shell:Creating prefix script '/home/ethan/ws_livox/install/local_setup.sh'
[10.524s] INFO:colcon.colcon_core.shell:Creating prefix util module '/home/ethan/ws_livox/install/_local_setup_util_sh.py'
[10.524s] INFO:colcon.colcon_core.shell:Creating prefix chain script '/home/ethan/ws_livox/install/setup.sh'
[10.525s] INFO:colcon.colcon_core.shell:Creating prefix script '/home/ethan/ws_livox/install/local_setup.bash'
[10.525s] INFO:colcon.colcon_core.shell:Creating prefix chain script '/home/ethan/ws_livox/install/setup.bash'
[10.525s] INFO:colcon.colcon_core.shell:Creating prefix script '/home/ethan/ws_livox/install/local_setup.zsh'
[10.525s] INFO:colcon.colcon_core.shell:Creating prefix chain script '/home/ethan/ws_livox/install/setup.zsh'
